2022-04-06 18:20:14.705  INFO 7644 --- [main] t.e.s.services.TimesheetServiceTest      : Starting TimesheetServiceTest on DESKTOP-TCQ4V04 with PID 7644 (started by siwar in C:\Users\siwar\Desktop\iii\DevOps_Timesheet_2ALINFO4_Devolution2\Timesheet-spring-boot-core-data-jpa-mvc-REST-1)
2022-04-06 18:20:14.706  INFO 7644 --- [main] t.e.s.services.TimesheetServiceTest      : No active profile set, falling back to default profiles: default
2022-04-06 18:20:17.278  INFO 7644 --- [main] .s.d.r.c.RepositoryConfigurationDelegate : Bootstrapping Spring Data repositories in DEFAULT mode.
2022-04-06 18:20:17.580  INFO 7644 --- [main] .s.d.r.c.RepositoryConfigurationDelegate : Finished Spring Data repository scanning in 291ms. Found 6 repository interfaces.
2022-04-06 18:20:19.020  INFO 7644 --- [main] trationDelegate$BeanPostProcessorChecker : Bean 'org.springframework.transaction.annotation.ProxyTransactionManagementConfiguration' of type [org.springframework.transaction.annotation.ProxyTransactionManagementConfiguration$$EnhancerBySpringCGLIB$$d2296d36] is not eligible for getting processed by all BeanPostProcessors (for example: not eligible for auto-proxying)
2022-04-06 18:20:19.741  INFO 7644 --- [main] com.zaxxer.hikari.HikariDataSource       : HikariPool-1 - Starting...
2022-04-06 18:20:20.061  INFO 7644 --- [main] com.zaxxer.hikari.HikariDataSource       : HikariPool-1 - Start completed.
2022-04-06 18:20:20.243  INFO 7644 --- [main] o.hibernate.jpa.internal.util.LogHelper  : HHH000204: Processing PersistenceUnitInfo [
	name: default
	...]
2022-04-06 18:20:20.395  INFO 7644 --- [main] org.hibernate.Version                    : HHH000412: Hibernate Core {5.3.9.Final}
2022-04-06 18:20:20.405  INFO 7644 --- [main] org.hibernate.cfg.Environment            : HHH000206: hibernate.properties not found
2022-04-06 18:20:20.786  INFO 7644 --- [main] o.hibernate.annotations.common.Version   : HCANN000001: Hibernate Commons Annotations {5.0.4.Final}
2022-04-06 18:20:21.100  INFO 7644 --- [main] org.hibernate.dialect.Dialect            : HHH000400: Using dialect: org.hibernate.dialect.MySQL5Dialect
2022-04-06 18:20:22.893  INFO 7644 --- [main] j.LocalContainerEntityManagerFactoryBean : Initialized JPA EntityManagerFactory for persistence unit 'default'
2022-04-06 18:20:24.527  INFO 7644 --- [main] o.h.h.i.QueryTranslatorFactoryInitiator  : HHH000397: Using ASTQueryTranslatorFactory
2022-04-06 18:20:31.513  INFO 7644 --- [main] o.s.s.concurrent.ThreadPoolTaskExecutor  : Initializing ExecutorService 'applicationTaskExecutor'
2022-04-06 18:20:32.607  WARN 7644 --- [main] aWebConfiguration$JpaWebMvcConfiguration : spring.jpa.open-in-view is enabled by default. Therefore, database queries may be performed during view rendering. Explicitly configure spring.jpa.open-in-view to disable this warning
2022-04-06 18:20:35.173  INFO 7644 --- [main] t.e.s.services.TimesheetServiceTest      : Started TimesheetServiceTest in 21.446 seconds (JVM running for 22.975)
2022-04-06 18:20:35.892  INFO 7644 --- [Thread-2] o.s.s.concurrent.ThreadPoolTaskExecutor  : Shutting down ExecutorService 'applicationTaskExecutor'
2022-04-06 18:20:35.905  INFO 7644 --- [Thread-2] j.LocalContainerEntityManagerFactoryBean : Closing JPA EntityManagerFactory for persistence unit 'default'
2022-04-06 18:20:35.918  INFO 7644 --- [Thread-2] com.zaxxer.hikari.HikariDataSource       : HikariPool-1 - Shutdown initiated...
2022-04-06 18:20:35.928  INFO 7644 --- [Thread-2] com.zaxxer.hikari.HikariDataSource       : HikariPool-1 - Shutdown completed.
2022-04-06 18:59:08.401  INFO 10288 --- [main] t.e.s.services.TimesheetServiceTest      : Starting TimesheetServiceTest on DESKTOP-TCQ4V04 with PID 10288 (started by siwar in C:\Users\siwar\Desktop\iii\DevOps_Timesheet_2ALINFO4_Devolution2\Timesheet-spring-boot-core-data-jpa-mvc-REST-1)
2022-04-06 18:59:08.406  INFO 10288 --- [main] t.e.s.services.TimesheetServiceTest      : No active profile set, falling back to default profiles: default
2022-04-06 18:59:11.067  INFO 10288 --- [main] .s.d.r.c.RepositoryConfigurationDelegate : Bootstrapping Spring Data repositories in DEFAULT mode.
2022-04-06 18:59:11.346  INFO 10288 --- [main] .s.d.r.c.RepositoryConfigurationDelegate : Finished Spring Data repository scanning in 268ms. Found 6 repository interfaces.
2022-04-06 18:59:12.946  INFO 10288 --- [main] trationDelegate$BeanPostProcessorChecker : Bean 'org.springframework.transaction.annotation.ProxyTransactionManagementConfiguration' of type [org.springframework.transaction.annotation.ProxyTransactionManagementConfiguration$$EnhancerBySpringCGLIB$$d2296d36] is not eligible for getting processed by all BeanPostProcessors (for example: not eligible for auto-proxying)
2022-04-06 18:59:13.639  INFO 10288 --- [main] com.zaxxer.hikari.HikariDataSource       : HikariPool-1 - Starting...
2022-04-06 18:59:13.883  INFO 10288 --- [main] com.zaxxer.hikari.HikariDataSource       : HikariPool-1 - Start completed.
2022-04-06 18:59:14.047  INFO 10288 --- [main] o.hibernate.jpa.internal.util.LogHelper  : HHH000204: Processing PersistenceUnitInfo [
	name: default
	...]
2022-04-06 18:59:14.190  INFO 10288 --- [main] org.hibernate.Version                    : HHH000412: Hibernate Core {5.3.9.Final}
2022-04-06 18:59:14.199  INFO 10288 --- [main] org.hibernate.cfg.Environment            : HHH000206: hibernate.properties not found
2022-04-06 18:59:14.569  INFO 10288 --- [main] o.hibernate.annotations.common.Version   : HCANN000001: Hibernate Commons Annotations {5.0.4.Final}
2022-04-06 18:59:14.966  INFO 10288 --- [main] org.hibernate.dialect.Dialect            : HHH000400: Using dialect: org.hibernate.dialect.MySQL5Dialect
2022-04-06 18:59:16.528  INFO 10288 --- [main] j.LocalContainerEntityManagerFactoryBean : Initialized JPA EntityManagerFactory for persistence unit 'default'
2022-04-06 18:59:18.226  INFO 10288 --- [main] o.h.h.i.QueryTranslatorFactoryInitiator  : HHH000397: Using ASTQueryTranslatorFactory
2022-04-06 18:59:25.329  INFO 10288 --- [main] o.s.s.concurrent.ThreadPoolTaskExecutor  : Initializing ExecutorService 'applicationTaskExecutor'
2022-04-06 18:59:26.471  WARN 10288 --- [main] aWebConfiguration$JpaWebMvcConfiguration : spring.jpa.open-in-view is enabled by default. Therefore, database queries may be performed during view rendering. Explicitly configure spring.jpa.open-in-view to disable this warning
2022-04-06 18:59:29.097  INFO 10288 --- [main] t.e.s.services.TimesheetServiceTest      : Started TimesheetServiceTest in 21.6 seconds (JVM running for 24.045)
2022-04-06 18:59:29.764  INFO 10288 --- [Thread-2] o.s.s.concurrent.ThreadPoolTaskExecutor  : Shutting down ExecutorService 'applicationTaskExecutor'
2022-04-06 18:59:29.780  INFO 10288 --- [Thread-2] j.LocalContainerEntityManagerFactoryBean : Closing JPA EntityManagerFactory for persistence unit 'default'
2022-04-06 18:59:29.789  INFO 10288 --- [Thread-2] com.zaxxer.hikari.HikariDataSource       : HikariPool-1 - Shutdown initiated...
2022-04-06 18:59:29.796  INFO 10288 --- [Thread-2] com.zaxxer.hikari.HikariDataSource       : HikariPool-1 - Shutdown completed.
2022-04-06 19:02:38.594  INFO 1892 --- [main] t.e.s.services.TimesheetServiceTest      : Starting TimesheetServiceTest on DESKTOP-TCQ4V04 with PID 1892 (started by siwar in C:\Users\siwar\Desktop\iii\DevOps_Timesheet_2ALINFO4_Devolution2\Timesheet-spring-boot-core-data-jpa-mvc-REST-1)
2022-04-06 19:02:38.597  INFO 1892 --- [main] t.e.s.services.TimesheetServiceTest      : No active profile set, falling back to default profiles: default
2022-04-06 19:02:41.316  INFO 1892 --- [main] .s.d.r.c.RepositoryConfigurationDelegate : Bootstrapping Spring Data repositories in DEFAULT mode.
2022-04-06 19:02:41.602  INFO 1892 --- [main] .s.d.r.c.RepositoryConfigurationDelegate : Finished Spring Data repository scanning in 275ms. Found 6 repository interfaces.
2022-04-06 19:02:43.286  INFO 1892 --- [main] trationDelegate$BeanPostProcessorChecker : Bean 'org.springframework.transaction.annotation.ProxyTransactionManagementConfiguration' of type [org.springframework.transaction.annotation.ProxyTransactionManagementConfiguration$$EnhancerBySpringCGLIB$$8b327c1] is not eligible for getting processed by all BeanPostProcessors (for example: not eligible for auto-proxying)
2022-04-06 19:02:45.240  INFO 1892 --- [main] com.zaxxer.hikari.HikariDataSource       : HikariPool-1 - Starting...
2022-04-06 19:02:45.493  INFO 1892 --- [main] com.zaxxer.hikari.HikariDataSource       : HikariPool-1 - Start completed.
2022-04-06 19:02:45.754  INFO 1892 --- [main] o.hibernate.jpa.internal.util.LogHelper  : HHH000204: Processing PersistenceUnitInfo [
	name: default
	...]
2022-04-06 19:02:45.957  INFO 1892 --- [main] org.hibernate.Version                    : HHH000412: Hibernate Core {5.3.9.Final}
2022-04-06 19:02:45.967  INFO 1892 --- [main] org.hibernate.cfg.Environment            : HHH000206: hibernate.properties not found
2022-04-06 19:02:46.447  INFO 1892 --- [main] o.hibernate.annotations.common.Version   : HCANN000001: Hibernate Commons Annotations {5.0.4.Final}
2022-04-06 19:02:47.442  INFO 1892 --- [main] org.hibernate.dialect.Dialect            : HHH000400: Using dialect: org.hibernate.dialect.MySQL5Dialect
2022-04-06 19:02:49.638  INFO 1892 --- [main] j.LocalContainerEntityManagerFactoryBean : Initialized JPA EntityManagerFactory for persistence unit 'default'
2022-04-06 19:02:52.287  INFO 1892 --- [main] o.h.h.i.QueryTranslatorFactoryInitiator  : HHH000397: Using ASTQueryTranslatorFactory
2022-04-06 19:02:59.554  INFO 1892 --- [main] o.s.s.concurrent.ThreadPoolTaskExecutor  : Initializing ExecutorService 'applicationTaskExecutor'
2022-04-06 19:03:01.993  WARN 1892 --- [main] aWebConfiguration$JpaWebMvcConfiguration : spring.jpa.open-in-view is enabled by default. Therefore, database queries may be performed during view rendering. Explicitly configure spring.jpa.open-in-view to disable this warning
2022-04-06 19:03:05.721  INFO 1892 --- [main] t.e.s.services.TimesheetServiceTest      : Started TimesheetServiceTest in 28.281 seconds (JVM running for 30.065)
2022-04-06 19:03:06.443  INFO 1892 --- [Thread-2] o.s.s.concurrent.ThreadPoolTaskExecutor  : Shutting down ExecutorService 'applicationTaskExecutor'
2022-04-06 19:03:06.456  INFO 1892 --- [Thread-2] j.LocalContainerEntityManagerFactoryBean : Closing JPA EntityManagerFactory for persistence unit 'default'
2022-04-06 19:03:06.467  INFO 1892 --- [Thread-2] com.zaxxer.hikari.HikariDataSource       : HikariPool-1 - Shutdown initiated...
2022-04-06 19:03:06.482  INFO 1892 --- [Thread-2] com.zaxxer.hikari.HikariDataSource       : HikariPool-1 - Shutdown completed.
2022-04-06 19:04:55.031  INFO 4744 --- [main] t.e.s.services.TimesheetServiceTest      : Starting TimesheetServiceTest on DESKTOP-TCQ4V04 with PID 4744 (started by siwar in C:\Users\siwar\Desktop\iii\DevOps_Timesheet_2ALINFO4_Devolution2\Timesheet-spring-boot-core-data-jpa-mvc-REST-1)
2022-04-06 19:04:55.036  INFO 4744 --- [main] t.e.s.services.TimesheetServiceTest      : No active profile set, falling back to default profiles: default
2022-04-06 19:04:59.243  INFO 4744 --- [main] .s.d.r.c.RepositoryConfigurationDelegate : Bootstrapping Spring Data repositories in DEFAULT mode.
2022-04-06 19:04:59.583  INFO 4744 --- [main] .s.d.r.c.RepositoryConfigurationDelegate : Finished Spring Data repository scanning in 325ms. Found 6 repository interfaces.
2022-04-06 19:05:01.400  INFO 4744 --- [main] trationDelegate$BeanPostProcessorChecker : Bean 'org.springframework.transaction.annotation.ProxyTransactionManagementConfiguration' of type [org.springframework.transaction.annotation.ProxyTransactionManagementConfiguration$$EnhancerBySpringCGLIB$$580ed8a6] is not eligible for getting processed by all BeanPostProcessors (for example: not eligible for auto-proxying)
2022-04-06 19:05:02.380  INFO 4744 --- [main] com.zaxxer.hikari.HikariDataSource       : HikariPool-1 - Starting...
2022-04-06 19:05:02.697  INFO 4744 --- [main] com.zaxxer.hikari.HikariDataSource       : HikariPool-1 - Start completed.
2022-04-06 19:05:02.847  INFO 4744 --- [main] o.hibernate.jpa.internal.util.LogHelper  : HHH000204: Processing PersistenceUnitInfo [
	name: default
	...]
2022-04-06 19:05:03.068  INFO 4744 --- [main] org.hibernate.Version                    : HHH000412: Hibernate Core {5.3.9.Final}
2022-04-06 19:05:03.079  INFO 4744 --- [main] org.hibernate.cfg.Environment            : HHH000206: hibernate.properties not found
2022-04-06 19:05:03.515  INFO 4744 --- [main] o.hibernate.annotations.common.Version   : HCANN000001: Hibernate Commons Annotations {5.0.4.Final}
2022-04-06 19:05:03.947  INFO 4744 --- [main] org.hibernate.dialect.Dialect            : HHH000400: Using dialect: org.hibernate.dialect.MySQL5Dialect
2022-04-06 19:05:05.681  INFO 4744 --- [main] j.LocalContainerEntityManagerFactoryBean : Initialized JPA EntityManagerFactory for persistence unit 'default'
2022-04-06 19:05:07.310  INFO 4744 --- [main] o.h.h.i.QueryTranslatorFactoryInitiator  : HHH000397: Using ASTQueryTranslatorFactory
2022-04-06 19:05:14.409  INFO 4744 --- [main] o.s.s.concurrent.ThreadPoolTaskExecutor  : Initializing ExecutorService 'applicationTaskExecutor'
2022-04-06 19:05:15.494  WARN 4744 --- [main] aWebConfiguration$JpaWebMvcConfiguration : spring.jpa.open-in-view is enabled by default. Therefore, database queries may be performed during view rendering. Explicitly configure spring.jpa.open-in-view to disable this warning
2022-04-06 19:05:17.989  INFO 4744 --- [main] t.e.s.services.TimesheetServiceTest      : Started TimesheetServiceTest in 24.142 seconds (JVM running for 26.2)
2022-04-06 19:05:18.876  INFO 4744 --- [Thread-2] o.s.s.concurrent.ThreadPoolTaskExecutor  : Shutting down ExecutorService 'applicationTaskExecutor'
2022-04-06 19:05:18.894  INFO 4744 --- [Thread-2] j.LocalContainerEntityManagerFactoryBean : Closing JPA EntityManagerFactory for persistence unit 'default'
2022-04-06 19:05:18.896  INFO 4744 --- [Thread-2] com.zaxxer.hikari.HikariDataSource       : HikariPool-1 - Shutdown initiated...
2022-04-06 19:05:18.901  INFO 4744 --- [Thread-2] com.zaxxer.hikari.HikariDataSource       : HikariPool-1 - Shutdown completed.
